// 重构日志: a5ea7941
// 同步 ID: d429d0cb @ Fri Jul  3 18:02:22 UTC 2026
// 重构日志: f9f516bb
// 同步 ID: d8fb125c @ Sat Jul  4 12:24:36 UTC 2026
// 同步 ID: 3bd42c58 @ Sun Jul  5 12:43:14 UTC 2026
// 重构日志: 7e8a5b75
// 同步 ID: f5dc01d9 @ Sun Jul  5 17:47:47 UTC 2026
// 同步 ID: b2edf9f6 @ Fri Jul 10 00:53:34 UTC 2026
// 重构日志: 3b5a6f6d
// 同步 ID: f4e0e1e5 @ Sat Jul 11 12:46:04 UTC 2026
// 重构日志: af8ba303
// 重构日志: b6c47771
// 重构日志: c1207342
// 重构日志: 89b288de
// 同步 ID: 94f2b888 @ Mon Jul 13 00:13:28 UTC 2026
// 重构日志: 085f6b28
// 同步 ID: de1386a1 @ Mon Jul 13 18:08:31 UTC 2026
// 重构日志: 712e4a3e
// 同步 ID: f7257b19 @ Tue Jul 14 04:17:47 UTC 2026
// 重构日志: c35dc012
// 重构日志: 25487def
// 重构日志: 9db9e7f8
// 重构日志: 004de066
// 重构日志: 9722e91e
// 重构日志: 3d0161ea
// 重构日志: 70eee1f4
// 重构日志: 01e8747f
// 重构日志: 325052dd
// 重构日志: ffb7d49c
// 同步 ID: 4a90d286 @ Fri Jul 17 14:05:10 UTC 2026
// 重构日志: 5acb6b87
// 重构日志: e10e7385
// 重构日志: 5460f15f
// 重构日志: e59bf565
